[10:54:58.148 Verbose] - BuildManager - C:\Users\Ivancc\Desktop\Scheduler-IvanCC\SchedulerIvanCastillo\Scheduler\Scheduler\SchedulerExtensions.cs(122,63): error CS0103: El nombre 'nextExecutionTime' no existe en el contexto actual
[10:54:58.148 Verbose] - BuildManager - C:\Users\Ivancc\Desktop\Scheduler-IvanCC\SchedulerIvanCastillo\Scheduler\Scheduler\SchedulerExtensions.cs(124,32): error CS0103: El nombre 'nextExecutionTime' no existe en el contexto actual
[10:54:58.148 Verbose] - BuildManager - C:\Users\Ivancc\Desktop\Scheduler-IvanCC\SchedulerIvanCastillo\Scheduler\Scheduler\SchedulerExtensions.cs(124,56): error CS0103: El nombre 'nextExecutionTime' no existe en el contexto actual
[10:54:58.148 Verbose] - BuildManager - C:\Users\Ivancc\Desktop\Scheduler-IvanCC\SchedulerIvanCastillo\Scheduler\Scheduler\SchedulerExtensions.cs(124,81): error CS0103: El nombre 'nextExecutionTime' no existe en el contexto actual
[10:54:58.148 Verbose] - BuildManager - C:\Program Files\Microsoft Visual Studio\2022\Enterprise\MSBuild\Current\Bin\Roslyn\Microsoft.CSharp.Core.targets(75,5): error MSB4181: La tarea "Csc" devolvi贸 false, pero no registr贸 un error.
[10:54:58.173 Verbose] - BuildManager - Faltan algunas de las rutas de acceso de archivo definidas en csproj en la ruta de acceso de compilaci贸n de Live Unit Testing. Compruebe si estos archivos deben estar presentes en dicha ruta de acceso y, si es necesario, actualice la definici贸n de csproj para que los busque en otro lugar.
[10:54:58.173 Verbose] - BuildManager - Elemento _OutputPathItem "C:\Users\Ivancc\Desktop\Scheduler-IvanCC\SchedulerIvanCastillo\Scheduler\.vs\Scheduler\v17\lut\0\b\Scheduler\bin\Debug\" evaluado mediante
_OutputPathItem: '$(OutDir)' @ C:\Program Files\Microsoft Visual Studio\2022\Enterprise\MSBuild\Current\Bin\amd64\Microsoft.Common.CurrentVersion.targets:310
  OutDir: 'C:\Users\Ivancc\Desktop\Scheduler-IvanCC\SchedulerIvanCastillo\Scheduler\.vs\Scheduler\v17\lut\0\b\Scheduler\bin\Debug\' @ C:\Users\Ivancc\Desktop\Scheduler-IvanCC\SchedulerIvanCastillo\Scheduler\Scheduler\Scheduler.csproj:0
[10:54:58.179 Verbose] - BuildManager - Elemento _DebugSymbolsOutputPath "C:\Users\Ivancc\Desktop\Scheduler-IvanCC\SchedulerIvanCastillo\Scheduler\.vs\Scheduler\v17\lut\0\b\Scheduler\bin\Debug\Scheduler.pdb" evaluado mediante
_DebugSymbolsOutputPath: '@(_DebugSymbolsIntermediatePath->'$(OutDir)%(Filename)%(Extension)')' @ C:\Program Files\Microsoft Visual Studio\2022\Enterprise\MSBuild\Current\Bin\amd64\Microsoft.Common.CurrentVersion.targets:406
  OutDir: 'C:\Users\Ivancc\Desktop\Scheduler-IvanCC\SchedulerIvanCastillo\Scheduler\.vs\Scheduler\v17\lut\0\b\Scheduler\bin\Debug\' @ C:\Users\Ivancc\Desktop\Scheduler-IvanCC\SchedulerIvanCastillo\Scheduler\Scheduler\Scheduler.csproj:0
[10:54:58.179 Verbose] - BuildManager - Elemento _ApplicationManifestFinal "C:\Users\Ivancc\Desktop\Scheduler-IvanCC\SchedulerIvanCastillo\Scheduler\.vs\Scheduler\v17\lut\0\b\Scheduler\bin\Debug\Scheduler.exe.manifest" evaluado mediante
_ApplicationManifestFinal: '$(OutDir)$(_DeploymentTargetApplicationManifestFileName)' @ C:\Program Files\Microsoft Visual Studio\2022\Enterprise\MSBuild\Current\Bin\amd64\Microsoft.Common.CurrentVersion.targets:444
  OutDir: 'C:\Users\Ivancc\Desktop\Scheduler-IvanCC\SchedulerIvanCastillo\Scheduler\.vs\Scheduler\v17\lut\0\b\Scheduler\bin\Debug\' @ C:\Users\Ivancc\Desktop\Scheduler-IvanCC\SchedulerIvanCastillo\Scheduler\Scheduler\Scheduler.csproj:0
  _DeploymentTargetApplicationManifestFileName: '$(TargetFileName).manifest' @ C:\Program Files\Microsoft Visual Studio\2022\Enterprise\MSBuild\Current\Bin\amd64\Microsoft.Common.CurrentVersion.targets:268
    TargetFileName: '$(TargetName)$(TargetExt)' @ C:\Program Files\Microsoft Visual Studio\2022\Enterprise\MSBuild\Current\Bin\amd64\Microsoft.Common.CurrentVersion.targets:248
      TargetName: '$(AssemblyName)' @ C:\Program Files\Microsoft Visual Studio\2022\Enterprise\MSBuild\Current\Bin\amd64\Microsoft.Common.CurrentVersion.targets:240
        AssemblyName: 'Scheduler' @ C:\Users\Ivancc\Desktop\Scheduler-IvanCC\SchedulerIvanCastillo\Scheduler\Scheduler\Scheduler.csproj:10
      TargetExt: '.exe' @ C:\Program Files\Microsoft Visual Studio\2022\Enterprise\MSBuild\Current\Bin\amd64\Microsoft.Common.CurrentVersion.targets:216
